<?xml version="1.0" encoding="UTF-8"?>
<!-- Generated by org.testng.reporters.JUnitReportReporter -->
<testsuite hostname="DESKTOP-4937DAR" failures="0" tests="1" name="assessment.VisualBI.SampleTestCase" time="27.934" errors="0" timestamp="2020-09-12T20:56:49 IST" skipped="0">
  <testcase classname="assessment.VisualBI.SampleTestCase" name="testCase1" time="27.934"/>
  <system-out/>
</testsuite> <!-- assessment.VisualBI.SampleTestCase -->
